Determining if the pthread_create exist failed with the following output:
Change Dir: /tmp/tmp.YIDWVUSsKZ/cmake-build-remote/CMakeFiles/CMakeTmp

Run Build Command:"/usr/bin/make" "cmTC_29827/fast"
/usr/bin/make -f CMakeFiles/cmTC_29827.dir/build.make CMakeFiles/cmTC_29827.dir/build
make[1]: Entering directory '/tmp/tmp.YIDWVUSsKZ/cmake-build-remote/CMakeFiles/CMakeTmp'
Building C object CMakeFiles/cmTC_29827.dir/CheckSymbolExists.c.o
/usr/bin/cc   -std=c99 -Wall -Werror -fPIC -march=native    -o CMakeFiles/cmTC_29827.dir/CheckSymbolExists.c.o   -c /tmp/tmp.YIDWVUSsKZ/cmake-build-remote/CMakeFiles/CMakeTmp/CheckSymbolExists.c
Linking C executable cmTC_29827
/usr/bin/cmake -E cmake_link_script CMakeFiles/cmTC_29827.dir/link.txt --verbose=1
/usr/bin/cc  -std=c99 -Wall -Werror -fPIC -march=native     -rdynamic CMakeFiles/cmTC_29827.dir/CheckSymbolExists.c.o  -o cmTC_29827 
/usr/bin/ld: CMakeFiles/cmTC_29827.dir/CheckSymbolExists.c.o: in function `main':
CheckSymbolExists.c:(.text+0x17): undefined reference to `pthread_create'
collect2: error: ld returned 1 exit status
make[1]: *** [CMakeFiles/cmTC_29827.dir/build.make:87: cmTC_29827] Error 1
make[1]: Leaving directory '/tmp/tmp.YIDWVUSsKZ/cmake-build-remote/CMakeFiles/CMakeTmp'
make: *** [Makefile:121: cmTC_29827/fast] Error 2

File /tmp/tmp.YIDWVUSsKZ/cmake-build-remote/CMakeFiles/CMakeTmp/CheckSymbolExists.c:
/* */
#include <pthread.h>

int main(int argc, char** argv)
{
  (void)argv;
#ifndef pthread_create
  return ((int*)(&pthread_create))[argc];
#else
  (void)argc;
  return 0;
#endif
}

Determining if the function pthread_create exists in the pthreads failed with the following output:
Change Dir: /tmp/tmp.YIDWVUSsKZ/cmake-build-remote/CMakeFiles/CMakeTmp

Run Build Command:"/usr/bin/make" "cmTC_18712/fast"
/usr/bin/make -f CMakeFiles/cmTC_18712.dir/build.make CMakeFiles/cmTC_18712.dir/build
make[1]: Entering directory '/tmp/tmp.YIDWVUSsKZ/cmake-build-remote/CMakeFiles/CMakeTmp'
Building C object CMakeFiles/cmTC_18712.dir/CheckFunctionExists.c.o
/usr/bin/cc   -std=c99 -Wall -Werror -fPIC -march=native -DCHECK_FUNCTION_EXISTS=pthread_create   -o CMakeFiles/cmTC_18712.dir/CheckFunctionExists.c.o   -c /usr/share/cmake-3.12/Modules/CheckFunctionExists.c
Linking C executable cmTC_18712
/usr/bin/cmake -E cmake_link_script CMakeFiles/cmTC_18712.dir/link.txt --verbose=1
/usr/bin/cc  -std=c99 -Wall -Werror -fPIC -march=native -DCHECK_FUNCTION_EXISTS=pthread_create    -rdynamic CMakeFiles/cmTC_18712.dir/CheckFunctionExists.c.o  -o cmTC_18712 -lpthreads 
/usr/bin/ld: cannot find -lpthreads
collect2: error: ld returned 1 exit status
make[1]: *** [CMakeFiles/cmTC_18712.dir/build.make:87: cmTC_18712] Error 1
make[1]: Leaving directory '/tmp/tmp.YIDWVUSsKZ/cmake-build-remote/CMakeFiles/CMakeTmp'
make: *** [Makefile:121: cmTC_18712/fast] Error 2


